# JRE version: OpenJDK Runtime Environment (21.0.2+13) (build 21.0.2+13-58)
# Java VM: OpenJDK 64-Bit Server VM (21.0.2+13-58, mixed mode, emulated-client, sharing, tiered, compressed oops, compressed class ptrs, g1 gc, windows-amd64)
GC Precious Log:
 CardTable entry size: 512
 Card Set container configuration: InlinePtr #cards 5 size 8 Array Of Cards #cards 12 size 40 Howl #buckets 4 coarsen threshold 1843 Howl Bitmap #cards 512 size 80 coarsen threshold 460 Card regions per heap region 1 cards per card region 2048
 CPUs: 8 total, 8 available
 Memory: 6061M
 Large Page Support: Disabled
 NUMA Support: Disabled
 Compressed Oops: Enabled (32-bit)
 Heap Region Size: 1M
 Heap Min Capacity: 8M
 Heap Initial Capacity: 96M
 Heap Max Capacity: 1516M
 Pre-touch: Disabled
 Parallel Workers: 8
 Concurrent Workers: 2
 Concurrent Refinement Workers: 8
 Periodic GC: Disabled
Heap:
 garbage-first heap   total 55296K, used 34932K [0x00000000a1400000, 0x0000000100000000)
  region size 1024K, 3 young (3072K), 2 survivors (2048K)
 Metaspace       used 52206K, committed 52928K, reserved 1114112K
  class space    used 7061K, committed 7360K, reserved 1048576K
GC Heap History (20 events):
Event: 19.744 GC heap before
{Heap before GC invocations=4 (full 0):
 garbage-first heap   total 55296K, used 39939K [0x00000000a1400000, 0x0000000100000000)
  region size 1024K, 32 young (32768K), 6 survivors (6144K)
 Metaspace       used 22299K, committed 22720K, reserved 1114112K
  class space    used 3016K, committed 3200K, reserved 1048576K
}
Event: 19.752 GC heap after
{Heap after GC invocations=5 (full 0):
 garbage-first heap   total 55296K, used 16202K [0x00000000a1400000, 0x0000000100000000)
  region size 1024K, 3 young (3072K), 3 survivors (3072K)
 Metaspace       used 22299K, committed 22720K, reserved 1114112K
  class space    used 3016K, committed 3200K, reserved 1048576K
}
Event: 20.616 GC heap before
{Heap before GC invocations=5 (full 0):
 garbage-first heap   total 55296K, used 39754K [0x00000000a1400000, 0x0000000100000000)
  region size 1024K, 26 young (26624K), 3 survivors (3072K)
 Metaspace       used 24967K, committed 25344K, reserved 1114112K
  class space    used 3365K, committed 3520K, reserved 1048576K
}
Event: 20.622 GC heap after
{Heap after GC invocations=6 (full 0):
 garbage-first heap   total 55296K, used 17838K [0x00000000a1400000, 0x0000000100000000)
  region size 1024K, 2 young (2048K), 2 survivors (2048K)
 Metaspace       used 24967K, committed 25344K, reserved 1114112K
  class space    used 3365K, committed 3520K, reserved 1048576K
}
Event: 21.676 GC heap before
{Heap before GC invocations=6 (full 0):
 garbage-first heap   total 55296K, used 43438K [0x00000000a1400000, 0x0000000100000000)
  region size 1024K, 27 young (27648K), 2 survivors (2048K)
 Metaspace       used 29645K, committed 30144K, reserved 1114112K
  class space    used 4019K, committed 4224K, reserved 1048576K
}
Event: 21.681 GC heap after
{Heap after GC invocations=7 (full 0):
 garbage-first heap   total 55296K, used 20337K [0x00000000a1400000, 0x0000000100000000)
  region size 1024K, 4 young (4096K), 4 survivors (4096K)
 Metaspace       used 29645K, committed 30144K, reserved 1114112K
  class space    used 4019K, committed 4224K, reserved 1048576K
}
Event: 22.807 GC heap before
{Heap before GC invocations=7 (full 0):
 garbage-first heap   total 55296K, used 41841K [0x00000000a1400000, 0x0000000100000000)
  region size 1024K, 26 young (26624K), 4 survivors (4096K)
 Metaspace       used 34033K, committed 34496K, reserved 1114112K
  class space    used 4664K, committed 4864K, reserved 1048576K
}
Event: 22.816 GC heap after
{Heap after GC invocations=8 (full 0):
 garbage-first heap   total 55296K, used 22222K [0x00000000a1400000, 0x0000000100000000)
  region size 1024K, 2 young (2048K), 2 survivors (2048K)
 Metaspace       used 34033K, committed 34496K, reserved 1114112K
  class space    used 4664K, committed 4864K, reserved 1048576K
}
Event: 24.523 GC heap before
{Heap before GC invocations=9 (full 0):
 garbage-first heap   total 55296K, used 45774K [0x00000000a1400000, 0x0000000100000000)
  region size 1024K, 25 young (25600K), 2 survivors (2048K)
 Metaspace       used 37443K, committed 38080K, reserved 1114112K
  class space    used 5217K, committed 5504K, reserved 1048576K
}
Event: 24.531 GC heap after
{Heap after GC invocations=10 (full 0):
 garbage-first heap   total 55296K, used 25332K [0x00000000a1400000, 0x0000000100000000)
  region size 1024K, 4 young (4096K), 4 survivors (4096K)
 Metaspace       used 37443K, committed 38080K, reserved 1114112K
  class space    used 5217K, committed 5504K, reserved 1048576K
}
Event: 25.758 GC heap before
{Heap before GC invocations=10 (full 0):
 garbage-first heap   total 55296K, used 45812K [0x00000000a1400000, 0x0000000100000000)
  region size 1024K, 24 young (24576K), 4 survivors (4096K)
 Metaspace       used 40763K, committed 41344K, reserved 1114112K
  class space    used 5645K, committed 5888K, reserved 1048576K
}
Event: 25.767 GC heap after
{Heap after GC invocations=11 (full 0):
 garbage-first heap   total 55296K, used 27245K [0x00000000a1400000, 0x0000000100000000)
  region size 1024K, 2 young (2048K), 2 survivors (2048K)
 Metaspace       used 40763K, committed 41344K, reserved 1114112K
  class space    used 5645K, committed 5888K, reserved 1048576K
}
Event: 26.666 GC heap before
{Heap before GC invocations=11 (full 0):
 garbage-first heap   total 55296K, used 45677K [0x00000000a1400000, 0x0000000100000000)
  region size 1024K, 21 young (21504K), 2 survivors (2048K)
 Metaspace       used 44287K, committed 44800K, reserved 1114112K
  class space    used 6066K, committed 6272K, reserved 1048576K
}
Event: 26.673 GC heap after
{Heap after GC invocations=12 (full 0):
 garbage-first heap   total 55296K, used 30442K [0x00000000a1400000, 0x0000000100000000)
  region size 1024K, 3 young (3072K), 3 survivors (3072K)
 Metaspace       used 44287K, committed 44800K, reserved 1114112K
  class space    used 6066K, committed 6272K, reserved 1048576K
}
Event: 27.487 GC heap before
{Heap before GC invocations=13 (full 0):
 garbage-first heap   total 55296K, used 47850K [0x00000000a1400000, 0x0000000100000000)
  region size 1024K, 20 young (20480K), 3 survivors (3072K)
 Metaspace       used 47709K, committed 48256K, reserved 1114112K
  class space    used 6391K, committed 6592K, reserved 1048576K
}
Event: 27.492 GC heap after
{Heap after GC invocations=14 (full 0):
 garbage-first heap   total 55296K, used 31877K [0x00000000a1400000, 0x0000000100000000)
  region size 1024K, 2 young (2048K), 2 survivors (2048K)
 Metaspace       used 47709K, committed 48256K, reserved 1114112K
  class space    used 6391K, committed 6592K, reserved 1048576K
}
Event: 28.247 GC heap before
{Heap before GC invocations=14 (full 0):
 garbage-first heap   total 55296K, used 48261K [0x00000000a1400000, 0x0000000100000000)
  region size 1024K, 18 young (18432K), 2 survivors (2048K)
 Metaspace       used 50143K, committed 50816K, reserved 1114112K
  class space    used 6754K, committed 7040K, reserved 1048576K
}
Event: 28.252 GC heap after
{Heap after GC invocations=15 (full 0):
 garbage-first heap   total 55296K, used 33389K [0x00000000a1400000, 0x0000000100000000)
  region size 1024K, 3 young (3072K), 3 survivors (3072K)
 Metaspace       used 50143K, committed 50816K, reserved 1114112K
  class space    used 6754K, committed 7040K, reserved 1048576K
}
Event: 28.894 GC heap before
{Heap before GC invocations=15 (full 0):
 garbage-first heap   total 55296K, used 47725K [0x00000000a1400000, 0x0000000100000000)
  region size 1024K, 17 young (17408K), 3 survivors (3072K)
 Metaspace       used 52009K, committed 52736K, reserved 1114112K
  class space    used 7030K, committed 7360K, reserved 1048576K
}
Event: 28.899 GC heap after
{Heap after GC invocations=16 (full 0):
 garbage-first heap   total 55296K, used 34932K [0x00000000a1400000, 0x0000000100000000)
  region size 1024K, 2 young (2048K), 2 survivors (2048K)
 Metaspace       used 52009K, committed 52736K, reserved 1114112K
  class space    used 7030K, committed 7360K, reserved 1048576K
}

